<?xml version="1.0" encoding="UTF-8"?>
<!-- Generated by org.testng.reporters.JUnitReportReporter -->
<testsuite hostname="Akhil" failures="0" tests="1" name="DemoTest" time="0.013" errors="0" timestamp="2021-02-03T13:26:25 IST" skipped="0">
  <testcase classname="DemoTest" name="test1" time="0.013"/>
  <system-out/>
</testsuite> <!-- DemoTest -->
